This file contains any messages produced by compilers while
running configure, to aid debugging if configure makes a mistake.

It was created by configure, which was
generated by GNU Autoconf 2.57.  Invocation command line was

  $ ./configure --prefix=/u/thibaup/installed --no-create --no-recursion

## --------- ##
## Platform. ##
## --------- ##

hostname = fortrel.iro.umontreal.ca
uname -m = i686
uname -r = 2.4.20-31.9
uname -s = Linux
uname -v = #1 Tue Apr 13 17:38:16 EDT 2004

/usr/bin/uname -p = unknown
/bin/uname -X     = unknown

/bin/arch              = i686
/usr/bin/arch -k       = unknown
/usr/convex/getsysinfo = unknown
hostinfo               = unknown
/bin/machine           = unknown
/usr/bin/oslevel       = unknown
/bin/universe          = unknown

PATH: /u/thibaup/bin
PATH: /u/thibaup/installed/bin
PATH: /soft/lbit/linux/commonc++-1.0.13/bin
PATH: /soft/lbit/linux/gtk+-2.2.4/bin
PATH: /soft/lbit/linux/mozilla-1.6/bin
PATH: /soft/lbit/linux/emacs-21.3/bin
PATH: /soft/lbit/linux/Rnaviz-2.0.0/bin
PATH: /soft/lbit/linux/mfold-3.0/bin
PATH: .
PATH: /soft/lbit/linux/amber41/bin
PATH: /soft/lbit/linux/R-1.7.1/bin
PATH: /soft/lbit/linux/j2sdk_nb/netbeans3.5/bin
PATH: /soft/lbit/linux/j2sdk_nb/j2sdk1.4.2/bin
PATH: /soft/lbit/MCSYMII/Bin
PATH: /soft/lbit/linux/bin
PATH: /opt/diro/bin
PATH: /bin
PATH: /usr/bin
PATH: /usr/X11R6/bin
PATH: /usr/local/bin
PATH: /usr/X11R6/bin


## ----------- ##
## Core tests. ##
## ----------- ##

configure:1235: checking whether make sets $(MAKE)
configure:1255: result: yes
configure:1323: checking for g++
configure:1339: found /usr/bin/g++
configure:1349: result: g++
configure:1365: checking for C++ compiler version
configure:1368: g++ --version </dev/null >&5
g++ (GCC) 3.2.2 20030222 (Red Hat Linux 3.2.2-5)
Copyright (C) 2002 Free Software Foundation, Inc.
This is free software; see the source for copying conditions.  There is NO
warranty; not even for MERCHANTABILITY or FITNESS FOR A PARTICULAR PURPOSE.

configure:1371: $? = 0
configure:1373: g++ -v </dev/null >&5
Reading specs from /usr/lib/gcc-lib/i386-redhat-linux/3.2.2/specs
Configured with: ../configure --prefix=/usr --mandir=/usr/share/man --infodir=/usr/share/info --enable-shared --enable-threads=posix --disable-checking --with-system-zlib --enable-__cxa_atexit --host=i386-redhat-linux
Thread model: posix
gcc version 3.2.2 20030222 (Red Hat Linux 3.2.2-5)
configure:1376: $? = 0
configure:1378: g++ -V </dev/null >&5
g++: argument to `-V' missing

configure:1381: $? = 1
configure:1405: checking for C++ compiler default output
configure:1408: g++    conftest.cc  >&5
configure:1411: $? = 0
configure:1457: result: a.out
configure:1462: checking whether the C++ compiler works
configure:1468: ./a.out
configure:1471: $? = 0
configure:1488: result: yes
configure:1495: checking whether we are cross compiling
configure:1497: result: no
configure:1500: checking for suffix of executables
configure:1502: g++ -o conftest    conftest.cc  >&5
configure:1505: $? = 0
configure:1530: result: 
configure:1536: checking for suffix of object files
configure:1558: g++ -c   conftest.cc >&5
configure:1561: $? = 0
configure:1583: result: o
configure:1587: checking whether we are using the GNU C++ compiler
configure:1612: g++ -c   conftest.cc >&5
configure:1615: $? = 0
configure:1618: test -s conftest.o
configure:1621: $? = 0
configure:1634: result: yes
configure:1640: checking whether g++ accepts -g
configure:1662: g++ -c -g  conftest.cc >&5
configure:1665: $? = 0
configure:1668: test -s conftest.o
configure:1671: $? = 0
configure:1682: result: yes
configure:1726: g++ -c -g -O2  conftest.cc >&5
configure:1729: $? = 0
configure:1732: test -s conftest.o
configure:1735: $? = 0
configure:1762: g++ -c -g -O2  conftest.cc >&5
configure: In function `int main()':
configure:1759: `exit' undeclared (first use this function)
configure:1759: (Each undeclared identifier is reported only once for each 
   function it appears in.)
configure:1765: $? = 1
configure: failed program was:
| #line 1745 "configure"
| /* confdefs.h.  */
| 
| #define PACKAGE_NAME ""
| #define PACKAGE_TARNAME ""
| #define PACKAGE_VERSION ""
| #define PACKAGE_STRING ""
| #define PACKAGE_BUGREPORT ""
| #define PACKAGE "annotate"
| #define VERSION "1.1"
| /* end confdefs.h.  */
| 
| int
| main ()
| {
| exit (42);
|   ;
|   return 0;
| }
configure:1726: g++ -c -g -O2  conftest.cc >&5
configure:1729: $? = 0
configure:1732: test -s conftest.o
configure:1735: $? = 0
configure:1762: g++ -c -g -O2  conftest.cc >&5
configure:1765: $? = 0
configure:1768: test -s conftest.o
configure:1771: $? = 0
configure:1795: checking whether byte ordering is bigendian
configure:1823: g++ -c -g -O2  conftest.cc >&5
configure:1826: $? = 0
configure:1829: test -s conftest.o
configure:1832: $? = 0
configure:1857: g++ -c -g -O2  conftest.cc >&5
configure: In function `int main()':
configure:1855: `big' undeclared (first use this function)
configure:1855: (Each undeclared identifier is reported only once for each 
   function it appears in.)
configure:1855: parse error before `;' token
configure:1860: $? = 1
configure: failed program was:
| #line 1835 "configure"
| /* confdefs.h.  */
| 
| #define PACKAGE_NAME ""
| #define PACKAGE_TARNAME ""
| #define PACKAGE_VERSION ""
| #define PACKAGE_STRING ""
| #define PACKAGE_BUGREPORT ""
| #define PACKAGE "annotate"
| #define VERSION "1.1"
| #ifdef __cplusplus
| #include <stdlib.h>
| #endif
| /* end confdefs.h.  */
| #include <sys/types.h>
| #include <sys/param.h>
| 
| int
| main ()
| {
| #if BYTE_ORDER != BIG_ENDIAN
|  not big endian
| #endif
| 
|   ;
|   return 0;
| }
configure:1980: result: no
configure:2093: checking for C++ compiler version
configure:2096: g++ --version </dev/null >&5
g++ (GCC) 3.2.2 20030222 (Red Hat Linux 3.2.2-5)
Copyright (C) 2002 Free Software Foundation, Inc.
This is free software; see the source for copying conditions.  There is NO
warranty; not even for MERCHANTABILITY or FITNESS FOR A PARTICULAR PURPOSE.

configure:2099: $? = 0
configure:2101: g++ -v </dev/null >&5
Reading specs from /usr/lib/gcc-lib/i386-redhat-linux/3.2.2/specs
Configured with: ../configure --prefix=/usr --mandir=/usr/share/man --infodir=/usr/share/info --enable-shared --enable-threads=posix --disable-checking --with-system-zlib --enable-__cxa_atexit --host=i386-redhat-linux
Thread model: posix
gcc version 3.2.2 20030222 (Red Hat Linux 3.2.2-5)
configure:2104: $? = 0
configure:2106: g++ -V </dev/null >&5
g++: argument to `-V' missing

configure:2109: $? = 1
configure:2112: checking whether we are using the GNU C++ compiler
configure:2159: result: yes
configure:2165: checking whether g++ accepts -g
configure:2207: result: yes
configure:2251: g++ -c -g -O2  conftest.cc >&5
configure:2254: $? = 0
configure:2257: test -s conftest.o
configure:2260: $? = 0
configure:2287: g++ -c -g -O2  conftest.cc >&5
configure:2290: $? = 0
configure:2293: test -s conftest.o
configure:2296: $? = 0
configure:2350: checking build system type
configure:2368: result: i686-pc-linux-gnu
configure:2376: checking host system type
configure:2390: result: i686-pc-linux-gnu
configure:2411: checking for a BSD-compatible install
configure:2465: result: /usr/bin/install -c
configure:2478: checking for ar
configure:2496: found /usr/bin/ar
configure:2508: result: /usr/bin/ar
configure:2519: checking for strsep
configure:2569: g++ -o conftest -g -O2   conftest.cc  >&5
configure:2572: $? = 0
configure:2575: test -s conftest
configure:2578: $? = 0
configure:2589: result: yes
configure:2603: checking for isfdtype
configure:2653: g++ -o conftest -g -O2   conftest.cc  >&5
configure:2656: $? = 0
configure:2659: test -s conftest
configure:2662: $? = 0
configure:2673: result: yes
configure:2687: checking for acosf
configure:2737: g++ -o conftest -g -O2   conftest.cc  >&5
configure:2740: $? = 0
configure:2743: test -s conftest
configure:2746: $? = 0
configure:2757: result: yes
configure:2771: checking for sqrtf
configure:2821: g++ -o conftest -g -O2   conftest.cc  >&5
configure:2824: $? = 0
configure:2827: test -s conftest
configure:2830: $? = 0
configure:2841: result: yes
configure:2852: checking for fstreambase
configure:2874: g++ -c -g -O2  conftest.cc >&5
In file included from /usr/include/c++/3.2.2/backward/fstream.h:31,
                 from configure:2874:
/usr/include/c++/3.2.2/backward/backward_warning.h:32:2: warning: #warning This file includes at least one deprecated or antiquated header. Please consider using one of the 32 headers found in section 17.4.1.2 of the C++ standard. Examples include substituting the <X> header for the <X.h> header for C++ includes, or <sstream> instead of the deprecated header <strstream.h>. To disable this warning use -Wno-deprecated.
configure: In function `int main()':
configure:2878: `fstreambase' undeclared (first use this function)
configure:2878: (Each undeclared identifier is reported only once for each 
   function it appears in.)
configure:2878: parse error before `;' token
configure:2877: $? = 1
configure: failed program was:
| #line 2857 "configure"
| /* confdefs.h.  */
| 
| #define PACKAGE_NAME ""
| #define PACKAGE_TARNAME ""
| #define PACKAGE_VERSION ""
| #define PACKAGE_STRING ""
| #define PACKAGE_BUGREPORT ""
| #define PACKAGE "annotate"
| #define VERSION "1.1"
| #ifdef __cplusplus
| #include <stdlib.h>
| #endif
| #define HAVE_STRSEP 1
| #define HAVE_ISFDTYPE 1
| #define HAVE_ACOSF 1
| #define HAVE_SQRTF 1
| /* end confdefs.h.  */
| #include <fstream.h>
| int
| main ()
| {
| fstreambase f;
|   ;
|   return 0;
| }
configure:2901: result: no
configure:2905: checking whether the compiler has numeric_limits<T>
configure:2937: g++ -c -g -O2  conftest.cc >&5
configure:2940: $? = 0
configure:2943: test -s conftest.o
configure:2946: $? = 0
configure:2964: result: yes
configure:2976: checking for main in -lz
configure:3001: g++ -o conftest -g -O2   conftest.cc -lz   >&5
configure:3004: $? = 0
configure:3007: test -s conftest
configure:3010: $? = 0
configure:3022: result: yes
configure:3034: checking for main in -lm
configure:3059: g++ -o conftest -g -O2   conftest.cc -lm  -lz  >&5
configure:3062: $? = 0
configure:3065: test -s conftest
configure:3068: $? = 0
configure:3080: result: yes
configure:3092: checking for main in -lmccore
configure:3117: g++ -o conftest -g -O2   conftest.cc -lmccore  -lm -lz  >&5
configure:3120: $? = 0
configure:3123: test -s conftest
configure:3126: $? = 0
configure:3138: result: yes
configure:3150: checking for main in -lpdf
configure:3175: g++ -o conftest -g -O2   conftest.cc -lpdf  -lmccore -lm -lz  >&5
configure:3178: $? = 0
configure:3181: test -s conftest
configure:3184: $? = 0
configure:3196: result: yes
configure:3358: creating ./config.status

## ---------------- ##
## Cache variables. ##
## ---------------- ##

ac_cv_build=i686-pc-linux-gnu
ac_cv_build_alias=i686-pc-linux-gnu
ac_cv_c_bigendian=no
ac_cv_cxx_compiler_gnu=yes
ac_cv_cxx_have_numeric_limits=yes
ac_cv_env_CPPFLAGS_set=
ac_cv_env_CPPFLAGS_value=
ac_cv_env_CXXFLAGS_set=
ac_cv_env_CXXFLAGS_value=
ac_cv_env_CXX_set=
ac_cv_env_CXX_value=
ac_cv_env_LDFLAGS_set=
ac_cv_env_LDFLAGS_value=
ac_cv_env_build_alias_set=
ac_cv_env_build_alias_value=
ac_cv_env_host_alias_set=
ac_cv_env_host_alias_value=
ac_cv_env_target_alias_set=
ac_cv_env_target_alias_value=
ac_cv_exeext=
ac_cv_func_acosf=yes
ac_cv_func_isfdtype=yes
ac_cv_func_sqrtf=yes
ac_cv_func_strsep=yes
ac_cv_have_fstreambase=no
ac_cv_host=i686-pc-linux-gnu
ac_cv_host_alias=i686-pc-linux-gnu
ac_cv_lib_m_main=yes
ac_cv_lib_mccore_main=yes
ac_cv_lib_pdf_main=yes
ac_cv_lib_z_main=yes
ac_cv_objext=o
ac_cv_path_AR=/usr/bin/ar
ac_cv_path_install='/usr/bin/install -c'
ac_cv_prog_ac_ct_CXX=g++
ac_cv_prog_cxx_g=yes
ac_cv_prog_make_make_set=yes

## ----------------- ##
## Output variables. ##
## ----------------- ##

AR='/usr/bin/ar'
CPPFLAGS=''
CXX='g++'
CXXFLAGS='-g -O2 -Wall'
CXXSHFLAGS='-g -O2 -Wall'
DEFS='-DHAVE_CONFIG_H'
DEPFLAGS='-MM'
ECHO_C=''
ECHO_N='-n'
ECHO_T=''
EXEEXT=''
INSTALL_DATA='${INSTALL} -m 644'
INSTALL_PROGRAM='${INSTALL}'
INSTALL_SCRIPT='${INSTALL}'
LDFLAGS='-static '
LIBOBJS=''
LIBS='-lpdf -lmccore -lm -lz '
LINKOPTIONS=''
LTLIBOBJS=''
OBJEXT='o'
PACKAGE='annotate'
PACKAGE_BUGREPORT=''
PACKAGE_NAME=''
PACKAGE_STRING=''
PACKAGE_TARNAME=''
PACKAGE_VERSION=''
PATH_SEPARATOR=':'
SET_MAKE=''
SHELL='/bin/sh'
VERSION='1.1'
ac_ct_CXX='g++'
bindir='${exec_prefix}/bin'
build='i686-pc-linux-gnu'
build_alias=''
build_cpu='i686'
build_os='linux-gnu'
build_vendor='pc'
datadir='${prefix}/share'
exec_prefix='${prefix}'
host='i686-pc-linux-gnu'
host_alias=''
host_cpu='i686'
host_os='linux-gnu'
host_vendor='pc'
includedir='${prefix}/include'
infodir='${prefix}/info'
libdir='${exec_prefix}/lib'
libexecdir='${exec_prefix}/libexec'
localstatedir='${prefix}/var'
mandir='${prefix}/man'
oldincludedir='/usr/include'
prefix='/u/thibaup/installed'
program_transform_name='s,x,x,'
sbindir='${exec_prefix}/sbin'
sharedstatedir='${prefix}/com'
sysconfdir='${prefix}/etc'
target_alias=''

## ----------- ##
## confdefs.h. ##
## ----------- ##

#define HAVE_ACOSF 1
#define HAVE_ISFDTYPE 1
#define HAVE_LIBM 1
#define HAVE_LIBMCCORE 1
#define HAVE_LIBPDF 1
#define HAVE_LIBZ 1
#define HAVE_NUMERIC_LIMITS
#define HAVE_SQRTF 1
#define HAVE_STRSEP 1
#define PACKAGE "annotate"
#define PACKAGE_BUGREPORT ""
#define PACKAGE_NAME ""
#define PACKAGE_STRING ""
#define PACKAGE_TARNAME ""
#define PACKAGE_VERSION ""
#define VERSION "1.1"
#endif
#ifdef __cplusplus
#include <stdlib.h>

configure: exit 0

## ---------------------- ##
## Running config.status. ##
## ---------------------- ##

This file was extended by config.status, which was
generated by GNU Autoconf 2.57.  Invocation command line was

  CONFIG_FILES    = Makefile
  CONFIG_HEADERS  = 
  CONFIG_LINKS    = 
  CONFIG_COMMANDS = 
  $ ./config.status 

on fortrel.iro.umontreal.ca

config.status:634: creating Makefile
config.status:941: executing default commands
